<?xml version="1.0" encoding="UTF-8"?>
<testsuite name="GradTestNGFirst" tests="1" skipped="0" failures="0" errors="0" timestamp="2021-10-10T14:53:36" hostname="IN-GN5MW33" time="3.091">
  <properties/>
  <testcase name="launchFB_Application" classname="GradTestNGFirst" time="3.091"/>
  <system-out><![CDATA[]]></system-out>
  <system-err><![CDATA[]]></system-err>
</testsuite>
